0 info it worked if it ends with ok
1 verbose cli [ '/home/lux/.nvm/versions/node/v6.9.2/bin/node',
1 verbose cli   '/home/lux/.nvm/versions/node/v6.9.2/bin/npm',
1 verbose cli   'run',
1 verbose cli   'test-commands' ]
2 info using npm@3.10.9
3 info using node@v6.9.2
4 verbose run-script [ 'pretest-commands', 'test-commands', 'posttest-commands' ]
5 info lifecycle discord-commands@1.0.0~pretest-commands: discord-commands@1.0.0
6 silly lifecycle discord-commands@1.0.0~pretest-commands: no script for pretest-commands, continuing
7 info lifecycle discord-commands@1.0.0~test-commands: discord-commands@1.0.0
8 verbose lifecycle discord-commands@1.0.0~test-commands: unsafe-perm in lifecycle true
9 verbose lifecycle discord-commands@1.0.0~test-commands: PATH: /home/lux/.nvm/versions/node/v6.9.2/lib/node_modules/npm/bin/node-gyp-bin:/mnt/l/coffee/discord-commands/node_modules/.bin:/home/lux/.nvm/versions/node/v6.9.2/bin:/usr/local/bin:/usr/bin:/bin:/usr/local/games:/usr/games
10 verbose lifecycle discord-commands@1.0.0~test-commands: CWD: /mnt/l/coffee/discord-commands
11 silly lifecycle discord-commands@1.0.0~test-commands: Args: [ '-c', 'DEBUG=test,parser-* node tests/commands.js' ]
12 silly lifecycle discord-commands@1.0.0~test-commands: Returned: code: 1  signal: null
13 info lifecycle discord-commands@1.0.0~test-commands: Failed to exec test-commands script
14 verbose stack Error: discord-commands@1.0.0 test-commands: `DEBUG=test,parser-* node tests/commands.js`
14 verbose stack Exit status 1
14 verbose stack     at EventEmitter.<anonymous> (/home/lux/.nvm/versions/node/v6.9.2/lib/node_modules/npm/lib/utils/lifecycle.js:255:16)
14 verbose stack     at emitTwo (events.js:106:13)
14 verbose stack     at EventEmitter.emit (events.js:191:7)
14 verbose stack     at ChildProcess.<anonymous> (/home/lux/.nvm/versions/node/v6.9.2/lib/node_modules/npm/lib/utils/spawn.js:40:14)
14 verbose stack     at emitTwo (events.js:106:13)
14 verbose stack     at ChildProcess.emit (events.js:191:7)
14 verbose stack     at maybeClose (internal/child_process.js:877:16)
14 verbose stack     at Process.ChildProcess._handle.onexit (internal/child_process.js:226:5)
15 verbose pkgid discord-commands@1.0.0
16 verbose cwd /mnt/l/coffee/discord-commands
17 error Linux 3.4.0+
18 error argv "/home/lux/.nvm/versions/node/v6.9.2/bin/node" "/home/lux/.nvm/versions/node/v6.9.2/bin/npm" "run" "test-commands"
19 error node v6.9.2
20 error npm  v3.10.9
21 error code ELIFECYCLE
22 error discord-commands@1.0.0 test-commands: `DEBUG=test,parser-* node tests/commands.js`
22 error Exit status 1
23 error Failed at the discord-commands@1.0.0 test-commands script 'DEBUG=test,parser-* node tests/commands.js'.
23 error Make sure you have the latest version of node.js and npm installed.
23 error If you do, this is most likely a problem with the discord-commands package,
23 error not with npm itself.
23 error Tell the author that this fails on your system:
23 error     DEBUG=test,parser-* node tests/commands.js
23 error You can get information on how to open an issue for this project with:
23 error     npm bugs discord-commands
23 error Or if that isn't available, you can get their info via:
23 error     npm owner ls discord-commands
23 error There is likely additional logging output above.
24 verbose exit [ 1, true ]
